<?xml version="1.0" encoding="utf-8"?><testsuites><testsuite name="pytest" errors="0" failures="0" skipped="0" tests="5" time="0.062" timestamp="2023-08-28T14:58:48.060219" hostname="DESKTOP-2TNU9RP"><testcase classname="test_002.test_002" name="test_002" time="0.003" /><testcase classname="test_002.test_002" name="test_003" time="0.001" /><testcase classname="test_002.test_002" name="test_004" time="0.001" /><testcase classname="test_002.test_002" name="test_005" time="0.002" /><testcase classname="tst_001_py.test_001" name="test_001" time="0.001" /></testsuite></testsuites>